[09Jul2025 00:00:21.351] [Server thread/INFO] [net.minecraft.server.MinecraftServer/]: firefrost52 was slain by Boar
[09Jul2025 00:00:21.378] [Netty Epoll Server IO #4/ERROR] [net.bettercombat.network.ServerNetwork/]: Server handling Packets.C2S_AttackRequest - No current attack hand!
[09Jul2025 00:00:21.379] [Netty Epoll Server IO #4/ERROR] [net.bettercombat.network.ServerNetwork/]: Combo count: 8 is dual wielding: false
[09Jul2025 00:00:21.379] [Netty Epoll Server IO #4/ERROR] [net.bettercombat.network.ServerNetwork/]: Main-hand stack: 0 air
[09Jul2025 00:00:21.379] [Netty Epoll Server IO #4/ERROR] [net.bettercombat.network.ServerNetwork/]: Off-hand stack: 0 air
[09Jul2025 00:00:21.379] [Netty Epoll Server IO #4/ERROR] [net.bettercombat.network.ServerNetwork/]: Selected slot server: 8 | client: 8
[09Jul2025 00:00:42.718] [Server thread/INFO] [net.minecraft.server.network.ServerGamePacketListenerImpl/]: CrisPinto01 lost connection: Timed out
[09Jul2025 00:00:42.719] [Server thread/INFO] [net.minecraft.server.MinecraftServer/]: CrisPinto01 left the game
[09Jul2025 00:00:42.799] [Server thread/WARN] [net.minecraft.network.Connection/]: handleDisconnection() called twice
[09Jul2025 00:00:55.683] [Server thread/INFO] [net.minecraft.server.players.PlayerList/]: CrisPinto01[/100.82.168.25:56932] logged in with entity id 17733 at (561.3014383948599, 69.0, 732.3000000119209)
[09Jul2025 00:00:55.691] [Server thread/INFO] [ModernFix/]: Using enhanced recipe sync for player CrisPinto01
[09Jul2025 00:00:55.693] [Server thread/INFO] [net.minecraft.server.MinecraftServer/]: CrisPinto01 joined the game
[09Jul2025 00:00:55.716] [Server thread/INFO] [untamedwilds.UntamedWilds/]: Firing player login event
[09Jul2025 00:00:55.717] [Server thread/INFO] [Jade/]: Syncing config to CrisPinto01 (0942b3a3-87d7-3c2c-821e-7464f689732b)
[09Jul2025 00:00:55.883] [Netty Epoll Server IO #3/INFO] [ShulkerBoxTooltip/]: [ShulkerBoxTooltip] CrisPinto01: protocol version: 2.0
[09Jul2025 00:04:00.676] [Server thread/INFO] [net.minecraft.server.MinecraftServer/]: firefrost52 has made the advancement [Acquire Hardware]
[09Jul2025 00:05:50.220] [Server thread/INFO] [net.minecraft.server.MinecraftServer/]: soyfight has made the advancement [Gone Bananas!]
[09Jul2025 00:09:32.113] [pool-4-thread-1/INFO] [net.minecraft.server.MinecraftServer/]: [Discord] cristianpintoes: Ponganse a chambear
[09Jul2025 00:09:52.577] [Server thread/INFO] [net.minecraft.server.MinecraftServer/]: soyfight has made the advancement [Diamonds!]
[09Jul2025 00:10:24.078] [Server thread/INFO] [net.minecraft.server.MinecraftServer/]: CrisPinto01 has made the advancement [Gone Bananas!]
[09Jul2025 00:11:12.322] [Server thread/INFO] [net.minecraft.server.network.ServerGamePacketListenerImpl/]: soyfight lost connection: Disconnected
[09Jul2025 00:11:12.322] [Server thread/INFO] [net.minecraft.server.MinecraftServer/]: soyfight left the game
[09Jul2025 00:11:16.825] [Server thread/INFO] [net.minecraft.server.players.PlayerList/]: soyfight[/100.89.229.16:58318] logged in with entity id 37692 at (376.22718298363156, 15.0625, 743.9068988710699)
[09Jul2025 00:11:16.843] [Server thread/INFO] [ModernFix/]: Using enhanced recipe sync for player soyfight
[09Jul2025 00:11:16.848] [Server thread/INFO] [net.minecraft.server.MinecraftServer/]: soyfight joined the game
[09Jul2025 00:11:16.903] [Server thread/INFO] [untamedwilds.UntamedWilds/]: Firing player login event
[09Jul2025 00:11:16.904] [Server thread/INFO] [Jade/]: Syncing config to soyfight (d2cd7e8a-be8a-36f5-a04a-ba520917749d)
[09Jul2025 00:11:17.025] [Netty Epoll Server IO #5/INFO] [ShulkerBoxTooltip/]: [ShulkerBoxTooltip] soyfight: protocol version: 2.0
[09Jul2025 00:12:31.479] [Server thread/INFO] [net.minecraft.server.MinecraftServer/]: zCris117 has made the advancement [Acquire Hardware]
[09Jul2025 00:12:50.680] [Server thread/INFO] [net.minecraft.server.MinecraftServer/]: zCris117 has made the advancement [Isn't It Iron Pick]
[09Jul2025 00:13:31.039] [Server thread/INFO] [net.minecraft.server.MinecraftServer/]: soyfight has made the advancement [Monster Hunter]
[09Jul2025 00:13:34.896] [Server thread/INFO] [net.minecraft.server.MinecraftServer/]: zCris117 has made the advancement [Suit Up]
[09Jul2025 00:13:41.116] [Server thread/INFO] [net.minecraft.server.players.PlayerList/]: Tulio777[/100.76.4.13:50096] logged in with entity id 55948 at (321.5, 75.0, 755.5)
[09Jul2025 00:13:41.127] [Server thread/INFO] [ModernFix/]: Using enhanced recipe sync for player Tulio777
[09Jul2025 00:13:41.128] [Server thread/INFO] [net.minecraft.server.MinecraftServer/]: Tulio777 joined the game
[09Jul2025 00:13:41.171] [Server thread/INFO] [untamedwilds.UntamedWilds/]: Firing player login event
[09Jul2025 00:13:41.173] [Server thread/INFO] [Jade/]: Syncing config to Tulio777 (88cbb69a-a61a-300f-b3bc-710131d95696)
[09Jul2025 00:13:41.331] [Server thread/INFO] [net.minecraft.server.MinecraftServer/]: Tulio777 has made the advancement [Orcz Challenges]
[09Jul2025 00:13:41.696] [Netty Epoll Server IO #0/INFO] [ShulkerBoxTooltip/]: [ShulkerBoxTooltip] Tulio777: protocol version: 2.0
[09Jul2025 00:14:00.137] [Worker-Main-1/ERROR] [net.minecraft.Util/]: Detected setBlock in a far chunk [99, 50], pos: MutableBlockPos{x=1593, y=63, z=801}, status: minecraft:features, currently generating: Placed Direct{Configured: untamedwilds.world.gen.feature.FeatureFloatingPlants@38109e63: net.minecraft.world.level.levelgen.feature.configurations.NoneFeatureConfiguration@2877e9a0}
[09Jul2025 00:14:09.397] [Worker-Main-1/ERROR] [net.minecraft.Util/]: Detected setBlock in a far chunk [101, 52], pos: MutableBlockPos{x=1626, y=63, z=838}, status: minecraft:features, currently generating: Placed Direct{Configured: untamedwilds.world.gen.feature.FeatureFloatingPlants@38109e63: net.minecraft.world.level.levelgen.feature.configurations.NoneFeatureConfiguration@2877e9a0}
[09Jul2025 00:14:09.398] [Worker-Main-1/ERROR] [net.minecraft.Util/]: Detected setBlock in a far chunk [101, 52], pos: MutableBlockPos{x=1623, y=63, z=836}, status: minecraft:features, currently generating: Placed Direct{Configured: untamedwilds.world.gen.feature.FeatureFloatingPlants@38109e63: net.minecraft.world.level.levelgen.feature.configurations.NoneFeatureConfiguration@2877e9a0}
[09Jul2025 00:14:09.398] [Worker-Main-1/ERROR] [net.minecraft.Util/]: Detected setBlock in a far chunk [101, 52], pos: MutableBlockPos{x=1621, y=63, z=837}, status: minecraft:features, currently generating: Placed Direct{Configured: untamedwilds.world.gen.feature.FeatureFloatingPlants@38109e63: net.minecraft.world.level.levelgen.feature.configurations.NoneFeatureConfiguration@2877e9a0}
[09Jul2025 00:14:39.623] [Server thread/INFO] [net.minecraft.server.MinecraftServer/]: Tulio777 has made the advancement [Monster Hunter]
[09Jul2025 00:14:41.580] [Server thread/INFO] [net.minecraft.server.MinecraftServer/]: zCris117 has made the advancement [Take Aim]
[09Jul2025 00:14:57.472] [Server thread/INFO] [net.minecraft.server.MinecraftServer/]: CrisPinto01 has made the advancement [Sweet Dreams]
[09Jul2025 00:17:09.502] [Server thread/INFO] [net.minecraft.server.MinecraftServer/]: Tulio777 was slain by Zombie
[09Jul2025 00:17:59.885] [Server thread/INFO] [net.minecraft.server.MinecraftServer/]: soyfight was doomed to fall by Spider
[09Jul2025 00:18:16.868] [Server thread/INFO] [net.minecraft.server.MinecraftServer/]: firefrost52 was shot by Skeleton
